<?xml version="1.0" encoding="UTF-8"?>
<!-- Generated by org.testng.reporters.JUnitReportReporter -->
<testsuite skipped="0" hostname="Rajeev-Harikar-ITL-409.local" name="firstappiumtest.TestSample" tests="1" failures="0" timestamp="18 May 2018 17:34:30 GMT" time="0.005" errors="0">
  <testcase name="testProgram" time="0.005" classname="firstappiumtest.TestSample"/>
</testsuite> <!-- firstappiumtest.TestSample -->
